AndroidStudioProjects/termux-api-0.41/app/build/outputs/logs/manifest-merger-debug-report.txt
-- Merging decision tree log ---
manifest
ADDED from src\main\AndroidManifest.xml:2:1-96:12
INJECTED from src\main\AndroidManifest.xml:2:1-96:12
INJECTED from src\main\AndroidManifest.xml:2:1-96:12
INJECTED from src\main\AndroidManifest.xml:2:1-96:12
MERGED from [com.google.android.material:material:1.0.0] AndroidManifest.xml:17:1-24:12
MERGED from [androidx.biometric:biometric:1.0.0-alpha04] AndroidManifest.xml:17:1-25:12
MERGED from [androidx.media:media:1.1.0] AndroidManifest.xml:17:1-24:12
MERGED from [androidx.appcompat:appcompat:1.0.0] AndroidManifest.xml:17:1-22:12
MERGED from [androidx.fragment:fragment:1.0.0] AndroidManifest.xml:17:1-22:12
MERGED from [androidx.recyclerview:recyclerview:1.0.0] AndroidManifest.xml:17:1-22:12
MERGED from [androidx.vectordrawable:vectordrawable-animated:1.0.0] AndroidManifest.xml:17:1-22:12
MERGED from [androidx.legacy:legacy-support-core-ui:1.0.0] AndroidManifest.xml:17:1-22:12
MERGED from [androidx.legacy:legacy-support-core-utils:1.0.0] AndroidManifest.xml:17:1-22:12
MERGED from [androidx.transition:transition:1.0.0] AndroidManifest.xml:17:1-22:12
MERGED from [androidx.cardview:cardview:1.0.0] AndroidManifest.xml:17:1-22:12
MERGED from [androidx.viewpager:viewpager:1.0.0] AndroidManifest.xml:17:1-22:12
MERGED from [androidx.coordinatorlayout:coordinatorlayout:1.0.0] AndroidManifest.xml:17:1-22:12
MERGED from [androidx.drawerlayout:drawerlayout:1.0.0] AndroidManifest.xml:17:1-22:12
MERGED from [androidx.slidingpanelayout:slidingpanelayout:1.0.0] AndroidManifest.xml:17:1-22:12
MERGED from [androidx.customview:customview:1.0.0] AndroidManifest.xml:17:1-22:12
MERGED from [androidx.swiperefreshlayout:swiperefreshlayout:1.0.0] AndroidManifest.xml:17:1-22:12
MERGED from [androidx.asynclayoutinflater:asynclayoutinflater:1.0.0] AndroidManifest.xml:17:1-22:12
MERGED from [androidx.loader:loader:1.0.0] AndroidManifest.xml:17:1-22:12
MERGED from [androidx.vectordrawable:vectordrawable:1.0.0] AndroidManifest.xml:17:1-22:12
MERGED from [androidx.core:core:1.1.0] AndroidManifest.xml:17:1-26:12
MERGED from [androidx.versionedparcelable:versionedparcelable:1.1.0] AndroidManifest.xml:17:1-27:12
MERGED from [androidx.interpolator:interpolator:1.0.0] AndroidManifest.xml:17:1-22:12
MERGED from [androidx.cursoradapter:cursoradapter:1.0.0] AndroidManifest.xml:17:1-22:12
MERGED from [androidx.documentfile:documentfile:1.0.0] AndroidManifest.xml:17:1-22:12
MERGED from [androidx.localbroadcastmanager:localbroadcastmanager:1.0.0] AndroidManifest.xml:17:1-22:12
MERGED from [androidx.print:print:1.0.0] AndroidManifest.xml:17:1-22:12
MERGED from [androidx.lifecycle:lifecycle-viewmodel:2.0.0] AndroidManifest.xml:17:1-22:12
MERGED from [androidx.lifecycle:lifecycle-runtime:2.0.0] AndroidManifest.xml:17:1-22:12
MERGED from [androidx.lifecycle:lifecycle-livedata:2.0.0] AndroidManifest.xml:17:1-22:12
MERGED from [androidx.lifecycle:lifecycle-livedata-core:2.0.0] AndroidManifest.xml:17:1-22:12
MERGED from [androidx.arch.core:core-runtime:2.0.0] AndroidManifest.xml:17:1-22:12
INJECTED from src\main\AndroidManifest.xml:2:1-96:12
INJECTED from src\main\AndroidManifest.xml:2:1-96:12
INJECTED from src\main\AndroidManifest.xml:2:1-96:12
	package
		ADDED from src\main\AndroidManifest.xml:4:5-29
		INJECTED from src\main\AndroidManifest.xml
		INJECTED from src\main\AndroidManifest.xml
	android:sharedUserId
		ADDED from src\main\AndroidManifest.xml:5:5-38
	android:versionName
		INJECTED from src\main\AndroidManifest.xml
		ADDED from src\main\AndroidManifest.xml:2:1-96:12
		INJECTED from src\main\AndroidManifest.xml
	xmlns:tools
		ADDED from src\main\AndroidManifest.xml:3:5-51
	android:versionCode
		INJECTED from src\main\AndroidManifest.xml
		ADDED from src\main\AndroidManifest.xml:2:1-96:12
		INJECTED from src\main\AndroidManifest.xml
	xmlns:android
		ADDED from src\main\AndroidManifest.xml:2:11-69
uses-feature#android.hardware.touchscreen
ADDED from src\main\AndroidManifest.xml:7:5-90
	android:required
		ADDED from src\main\AndroidManifest.xml:7:63-87
	android:name
		ADDED from src\main\AndroidManifest.xml:7:19-62
uses-permission#android.permission.CALL_PHONE
ADDED from src\main\AndroidManifest.xml:10:5-68
	android:name
		ADDED from src\main\AndroidManifest.xml:10:22-66
uses-permission#android.permission.READ_CONTACTS
ADDED from src\main\AndroidManifest.xml:11:5-71
	android:name
		ADDED from src\main\AndroidManifest.xml:11:22-69
uses-permission#android.permission.CAMERA
ADDED from src\main\AndroidManifest.xml:12:5-65
	android:name
		ADDED from src\main\AndroidManifest.xml:12:22-62
uses-permission#android.permission.RECORD_AUDIO
ADDED from src\main\AndroidManifest.xml:13:5-71
	android:name
		ADDED from src\main\AndroidManifest.xml:13:22-68
uses-permission#android.permission.ACCESS_COARSE_LOCATION
ADDED from src\main\AndroidManifest.xml:14:5-81
	android:name
		ADDED from src\main\AndroidManifest.xml:14:22-78
uses-permission#android.permission.ACCESS_FINE_LOCATION
ADDED from src\main\AndroidManifest.xml:15:5-79
	android:name
		ADDED from src\main\AndroidManifest.xml:15:22-76
uses-permission#android.permission.SET_WALLPAPER
ADDED from src\main\AndroidManifest.xml:16:5-72
	android:name
		ADDED from src\main\AndroidManifest.xml:16:22-69
uses-permission#android.permission.VIBRATE
ADDED from src\main\AndroidManifest.xml:17:5-66
	android:name
		ADDED from src\main\AndroidManifest.xml:17:22-63
uses-permission#android.permission.TRANSMIT_IR
ADDED from src\main\AndroidManifest.xml:18:5-70
	android:name
		ADDED from src\main\AndroidManifest.xml:18:22-67
uses-permission#android.permission.READ_PHONE_STATE
ADDED from src\main\AndroidManifest.xml:19:5-75
	android:name
		ADDED from src\main\AndroidManifest.xml:19:22-72
uses-permission#android.permission.ACCESS_NETWORK_STATE
ADDED from src\main\AndroidManifest.xml:20:5-79
	android:name
		ADDED from src\main\AndroidManifest.xml:20:22-76
uses-permission#android.permission.ACCESS_WIFI_STATE
ADDED from src\main\AndroidManifest.xml:21:5-76
	android:name
		ADDED from src\main\AndroidManifest.xml:21:22-73
uses-permission#android.permission.CHANGE_WIFI_STATE
ADDED from src\main\AndroidManifest.xml:22:5-76
	android:name
		ADDED from src\main\AndroidManifest.xml:22:22-73
uses-permission#android.permission.WRITE_SETTINGS
ADDED from src\main\AndroidManifest.xml:23:5-24:47
	tools:ignore
		ADDED from src\main\AndroidManifest.xml:24:9-44
	android:name
		ADDED from src\main\AndroidManifest.xml:23:22-70
uses-permission#android.permission.USE_BIOMETRIC
ADDED from src\main\AndroidManifest.xml:25:5-72
MERGED from [androidx.biometric:biometric:1.0.0-alpha04] AndroidManifest.xml:22:5-72
MERGED from [androidx.biometric:biometric:1.0.0-alpha04] AndroidManifest.xml:22:5-72
	android:name
		ADDED from src\main\AndroidManifest.xml:25:22-69
uses-permission#android.permission.RECEIVE_BOOT_COMPLETED
ADDED from src\main\AndroidManifest.xml:26:5-81
	android:name
		ADDED from src\main\AndroidManifest.xml:26:22-78
uses-permission#android.permission.REQUEST_INSTALL_PACKAGES
ADDED from src\main\AndroidManifest.xml:29:5-83
	android:name
		ADDED from src\main\AndroidManifest.xml:29:22-80
uses-permission#android.permission.REQUEST_DELETE_PACKAGES
ADDED from src\main\AndroidManifest.xml:30:5-82
	android:name
		ADDED from src\main\AndroidManifest.xml:30:22-79
uses-feature#android.hardware.camera
ADDED from src\main\AndroidManifest.xml:34:5-85
	android:required
		ADDED from src\main\AndroidManifest.xml:34:58-82
	android:name
		ADDED from src\main\AndroidManifest.xml:34:19-57
uses-feature#android.hardware.camera.autofocus
ADDED from src\main\AndroidManifest.xml:35:5-95
	android:required
		ADDED from src\main\AndroidManifest.xml:35:68-92
	android:name
		ADDED from src\main\AndroidManifest.xml:35:19-67
uses-feature#android.hardware.location
ADDED from src\main\AndroidManifest.xml:36:5-87
	android:required
		ADDED from src\main\AndroidManifest.xml:36:60-84
	android:name
		ADDED from src\main\AndroidManifest.xml:36:19-59
uses-feature#android.hardware.location.gps
ADDED from src\main\AndroidManifest.xml:37:5-91
	android:required
		ADDED from src\main\AndroidManifest.xml:37:64-88
	android:name
		ADDED from src\main\AndroidManifest.xml:37:19-63
uses-feature#android.hardware.location.network
ADDED from src\main\AndroidManifest.xml:38:5-95
	android:required
		ADDED from src\main\AndroidManifest.xml:38:68-92
	android:name
		ADDED from src\main\AndroidManifest.xml:38:19-67
uses-feature#android.hardware.microphone
ADDED from src\main\AndroidManifest.xml:39:5-89
	android:required
		ADDED from src\main\AndroidManifest.xml:39:62-86
	android:name
		ADDED from src\main\AndroidManifest.xml:39:19-61
uses-feature#android.hardware.telephony
ADDED from src\main\AndroidManifest.xml:40:5-88
	android:required
		ADDED from src\main\AndroidManifest.xml:40:61-85
	android:name
		ADDED from src\main\AndroidManifest.xml:40:19-60
uses-feature#android.hardware.wifi
ADDED from src\main\AndroidManifest.xml:41:5-83
	android:required
		ADDED from src\main\AndroidManifest.xml:41:56-80
	android:name
		ADDED from src\main\AndroidManifest.xml:41:19-55
uses-feature#android.hardware.usb.host
ADDED from src\main\AndroidManifest.xml:42:5-87
	android:required
		ADDED from src\main\AndroidManifest.xml:42:60-84
	android:name
		ADDED from src\main\AndroidManifest.xml:42:19-59
permission#com.termux.sharedfiles.READ
ADDED from src\main\AndroidManifest.xml:46:5-98
	android:protectionLevel
		ADDED from src\main\AndroidManifest.xml:46:60-95
	android:name
		ADDED from src\main\AndroidManifest.xml:46:17-59
application
ADDED from src\main\AndroidManifest.xml:48:5-94:19
MERGED from [com.google.android.material:material:1.0.0] AndroidManifest.xml:22:5-20
MERGED from [com.google.android.material:material:1.0.0] AndroidManifest.xml:22:5-20
MERGED from [androidx.core:core:1.1.0] AndroidManifest.xml:24:5-89
MERGED from [androidx.core:core:1.1.0] AndroidManifest.xml:24:5-89
MERGED from [androidx.versionedparcelable:versionedparcelable:1.1.0] AndroidManifest.xml:24:5-25:19
MERGED from [androidx.versionedparcelable:versionedparcelable:1.1.0] AndroidManifest.xml:24:5-25:19
	android:appComponentFactory
		ADDED from [androidx.core:core:1.1.0] AndroidManifest.xml:24:18-86
	android:supportsRtl
		ADDED from src\main\AndroidManifest.xml:52:9-35
	android:label
		ADDED from src\main\AndroidManifest.xml:51:9-41
	tools:ignore
		ADDED from src\main\AndroidManifest.xml:54:9-48
	android:icon
		ADDED from src\main\AndroidManifest.xml:50:9-45
	android:allowBackup
		ADDED from src\main\AndroidManifest.xml:49:9-35
	android:theme
		ADDED from src\main\AndroidManifest.xml:53:9-60
receiver#com.termux.api.TermuxApiReceiver
ADDED from src\main\AndroidManifest.xml:55:9-68
	android:name
		ADDED from src\main\AndroidManifest.xml:55:19-66
activity#com.termux.api.DialogActivity
ADDED from src\main\AndroidManifest.xml:56:9-184
	android:excludeFromRecents
		ADDED from src\main\AndroidManifest.xml:56:124-157
	android:noHistory
		ADDED from src\main\AndroidManifest.xml:56:99-123
	android:exported
		ADDED from src\main\AndroidManifest.xml:56:158-182
	android:theme
		ADDED from src\main\AndroidManifest.xml:56:64-98
	android:name
		ADDED from src\main\AndroidManifest.xml:56:19-63
activity#com.termux.api.FingerprintAPI$FingerprintActivity
ADDED from src\main\AndroidManifest.xml:57:9-60:45
	android:excludeFromRecents
		ADDED from src\main\AndroidManifest.xml:59:19-52
	android:noHistory
		ADDED from src\main\AndroidManifest.xml:58:19-43
	android:exported
		ADDED from src\main\AndroidManifest.xml:60:19-43
	android:theme
		ADDED from src\main\AndroidManifest.xml:57:70-109
	android:name
		ADDED from src\main\AndroidManifest.xml:57:19-69
activity#com.termux.api.util.TermuxApiPermissionActivity
ADDED from src\main\AndroidManifest.xml:61:9-65:45
	android:excludeFromRecents
		ADDED from src\main\AndroidManifest.xml:64:19-52
	android:noHistory
		ADDED from src\main\AndroidManifest.xml:63:19-43
	android:exported
		ADDED from src\main\AndroidManifest.xml:65:19-43
	android:theme
		ADDED from src\main\AndroidManifest.xml:62:19-65
	android:name
		ADDED from src\main\AndroidManifest.xml:61:19-81
activity#com.termux.api.StorageGetAPI$StorageActivity
ADDED from src\main\AndroidManifest.xml:66:9-69:45
	android:excludeFromRecents
		ADDED from src\main\AndroidManifest.xml:68:19-52
	android:exported
		ADDED from src\main\AndroidManifest.xml:69:19-43
	android:theme
		ADDED from src\main\AndroidManifest.xml:67:19-78
	android:name
		ADDED from src\main\AndroidManifest.xml:66:19-78
service#com.termux.api.SpeechToTextAPI$SpeechToTextService
ADDED from src\main\AndroidManifest.xml:70:9-85
	android:name
		ADDED from src\main\AndroidManifest.xml:70:18-83
service#com.termux.api.TextToSpeechAPI$TextToSpeechService
ADDED from src\main\AndroidManifest.xml:71:9-86
	android:name
		ADDED from src\main\AndroidManifest.xml:71:18-83
service#com.termux.api.SensorAPI$SensorReaderService
ADDED from src\main\AndroidManifest.xml:72:9-65
	android:name
		ADDED from src\main\AndroidManifest.xml:72:18-63
provider#com.termux.api.ShareAPI$ContentProvider
ADDED from src\main\AndroidManifest.xml:73:9-77:70
	android:readPermission
		ADDED from src\main\AndroidManifest.xml:74:13-65
	android:grantUriPermissions
		ADDED from src\main\AndroidManifest.xml:76:13-47
	android:authorities
		ADDED from src\main\AndroidManifest.xml:73:19-63
	android:exported
		ADDED from src\main\AndroidManifest.xml:75:13-36
	android:name
		ADDED from src\main\AndroidManifest.xml:77:13-67
service#com.termux.api.MediaPlayerAPI$PlayerService
ADDED from src\main\AndroidManifest.xml:78:9-89
	android:exported
		ADDED from src\main\AndroidManifest.xml:78:63-87
	android:name
		ADDED from src\main\AndroidManifest.xml:78:18-62
service#com.termux.api.MicRecorderAPI$MicRecorderService
ADDED from src\main\AndroidManifest.xml:79:9-94
	android:exported
		ADDED from src\main\AndroidManifest.xml:79:68-92
	android:name
		ADDED from src\main\AndroidManifest.xml:79:18-67
service#com.termux.api.WallpaperAPI$WallpaperService
ADDED from src\main\AndroidManifest.xml:80:9-65
	android:name
		ADDED from src\main\AndroidManifest.xml:80:18-63
service#com.termux.api.NotificationService
ADDED from src\main\AndroidManifest.xml:81:9-90:19
	android:enabled
		ADDED from src\main\AndroidManifest.xml:84:13-35
	android:exported
		ADDED from src\main\AndroidManifest.xml:85:13-36
	android:permission
		ADDED from src\main\AndroidManifest.xml:83:13-87
	android:name
		ADDED from src\main\AndroidManifest.xml:82:13-48
intent-filter#action:name:android.service.notification.NotificationListenerService
ADDED from src\main\AndroidManifest.xml:87:13-89:29
action#android.service.notification.NotificationListenerService
ADDED from src\main\AndroidManifest.xml:88:17-99
	android:name
		ADDED from src\main\AndroidManifest.xml:88:25-96
service#com.termux.api.SchedulerJobService
ADDED from src\main\AndroidManifest.xml:91:9-93:72
	android:permission
		ADDED from src\main\AndroidManifest.xml:93:13-69
	android:name
		ADDED from src\main\AndroidManifest.xml:92:13-48
uses-sdk
INJECTED from src\main\AndroidManifest.xml reason: use-sdk injection requested
INJECTED from src\main\AndroidManifest.xml
INJECTED from src\main\AndroidManifest.xml
MERGED from [com.google.android.material:material:1.0.0] AndroidManifest.xml:20:5-44
MERGED from [com.google.android.material:material:1.0.0] AndroidManifest.xml:20:5-44
MERGED from [androidx.biometric:biometric:1.0.0-alpha04] AndroidManifest.xml:20:5-44
MERGED from [androidx.biometric:biometric:1.0.0-alpha04] AndroidManifest.xml:20:5-44
MERGED from [androidx.media:media:1.1.0] AndroidManifest.xml:20:5-22:41
MERGED from [androidx.media:media:1.1.0] AndroidManifest.xml:20:5-22:41
MERGED from [androidx.appcompat:appcompat:1.0.0] AndroidManifest.xml:20:5-44
MERGED from [androidx.appcompat:appcompat:1.0.0] AndroidManifest.xml:20:5-44
MERGED from [androidx.fragment:fragment:1.0.0] AndroidManifest.xml:20:5-44
MERGED from [androidx.fragment:fragment:1.0.0] AndroidManifest.xml:20:5-44
MERGED from [androidx.recyclerview:recyclerview:1.0.0] AndroidManifest.xml:20:5-44
MERGED from [androidx.recyclerview:recyclerview:1.0.0] AndroidManifest.xml:20:5-44
MERGED from [androidx.vectordrawable:vectordrawable-animated:1.0.0] AndroidManifest.xml:20:5-44
MERGED from [androidx.vectordrawable:vectordrawable-animated:1.0.0] AndroidManifest.xml:20:5-44
MERGED from [androidx.legacy:legacy-support-core-ui:1.0.0] AndroidManifest.xml:20:5-44
MERGED from [androidx.legacy:legacy-support-core-ui:1.0.0] AndroidManifest.xml:20:5-44
MERGED from [androidx.legacy:legacy-support-core-utils:1.0.0] AndroidManifest.xml:20:5-44
MERGED from [androidx.legacy:legacy-support-core-utils:1.0.0] AndroidManifest.xml:20:5-44
MERGED from [androidx.transition:transition:1.0.0] AndroidManifest.xml:20:5-44
MERGED from [androidx.transition:transition:1.0.0] AndroidManifest.xml:20:5-44
MERGED from [androidx.cardview:cardview:1.0.0] AndroidManifest.xml:20:5-44
MERGED from [androidx.cardview:cardview:1.0.0] AndroidManifest.xml:20:5-44
MERGED from [androidx.viewpager:viewpager:1.0.0] AndroidManifest.xml:20:5-44
MERGED from [androidx.viewpager:viewpager:1.0.0] AndroidManifest.xml:20:5-44
MERGED from [androidx.coordinatorlayout:coordinatorlayout:1.0.0] AndroidManifest.xml:20:5-44
MERGED from [androidx.coordinatorlayout:coordinatorlayout:1.0.0] AndroidManifest.xml:20:5-44
MERGED from [androidx.drawerlayout:drawerlayout:1.0.0] AndroidManifest.xml:20:5-44
MERGED from [androidx.drawerlayout:drawerlayout:1.0.0] AndroidManifest.xml:20:5-44
MERGED from [androidx.slidingpanelayout:slidingpanelayout:1.0.0] AndroidManifest.xml:20:5-44
MERGED from [androidx.slidingpanelayout:slidingpanelayout:1.0.0] AndroidManifest.xml:20:5-44
MERGED from [androidx.customview:customview:1.0.0] AndroidManifest.xml:20:5-44
MERGED from [androidx.customview:customview:1.0.0] AndroidManifest.xml:20:5-44
MERGED from [androidx.swiperefreshlayout:swiperefreshlayout:1.0.0] AndroidManifest.xml:20:5-44
MERGED from [androidx.swiperefreshlayout:swiperefreshlayout:1.0.0] AndroidManifest.xml:20:5-44
MERGED from [androidx.asynclayoutinflater:asynclayoutinflater:1.0.0] AndroidManifest.xml:20:5-44
MERGED from [androidx.asynclayoutinflater:asynclayoutinflater:1.0.0] AndroidManifest.xml:20:5-44
MERGED from [androidx.loader:loader:1.0.0] AndroidManifest.xml:20:5-44
MERGED from [androidx.loader:loader:1.0.0] AndroidManifest.xml:20:5-44
MERGED from [androidx.vectordrawable:vectordrawable:1.0.0] AndroidManifest.xml:20:5-44
MERGED from [androidx.vectordrawable:vectordrawable:1.0.0] AndroidManifest.xml:20:5-44
MERGED from [androidx.core:core:1.1.0] AndroidManifest.xml:20:5-22:41
MERGED from [androidx.core:core:1.1.0] AndroidManifest.xml:20:5-22:41
MERGED from [androidx.versionedparcelable:versionedparcelable:1.1.0] AndroidManifest.xml:20:5-22:41
MERGED from [androidx.versionedparcelable:versionedparcelable:1.1.0] AndroidManifest.xml:20:5-22:41
MERGED from [androidx.interpolator:interpolator:1.0.0] AndroidManifest.xml:20:5-44
MERGED from [androidx.interpolator:interpolator:1.0.0] AndroidManifest.xml:20:5-44
MERGED from [androidx.cursoradapter:cursoradapter:1.0.0] AndroidManifest.xml:20:5-44
MERGED from [androidx.cursoradapter:cursoradapter:1.0.0] AndroidManifest.xml:20:5-44
MERGED from [androidx.documentfile:documentfile:1.0.0] AndroidManifest.xml:20:5-44
MERGED from [androidx.documentfile:documentfile:1.0.0] AndroidManifest.xml:20:5-44
MERGED from [androidx.localbroadcastmanager:localbroadcastmanager:1.0.0] AndroidManifest.xml:20:5-44
MERGED from [androidx.localbroadcastmanager:localbroadcastmanager:1.0.0] AndroidManifest.xml:20:5-44
MERGED from [androidx.print:print:1.0.0] AndroidManifest.xml:20:5-44
MERGED from [androidx.print:print:1.0.0] AndroidManifest.xml:20:5-44
MERGED from [androidx.lifecycle:lifecycle-viewmodel:2.0.0] AndroidManifest.xml:20:5-44
MERGED from [androidx.lifecycle:lifecycle-viewmodel:2.0.0] AndroidManifest.xml:20:5-44
MERGED from [androidx.lifecycle:lifecycle-runtime:2.0.0] AndroidManifest.xml:20:5-44
MERGED from [androidx.lifecycle:lifecycle-runtime:2.0.0] AndroidManifest.xml:20:5-44
MERGED from [androidx.lifecycle:lifecycle-livedata:2.0.0] AndroidManifest.xml:20:5-44
MERGED from [androidx.lifecycle:lifecycle-livedata:2.0.0] AndroidManifest.xml:20:5-44
MERGED from [androidx.lifecycle:lifecycle-livedata-core:2.0.0] AndroidManifest.xml:20:5-44
MERGED from [androidx.lifecycle:lifecycle-livedata-core:2.0.0] AndroidManifest.xml:20:5-44
MERGED from [androidx.arch.core:core-runtime:2.0.0] AndroidManifest.xml:20:5-44
MERGED from [androidx.arch.core:core-runtime:2.0.0] AndroidManifest.xml:20:5-44
INJECTED from src\main\AndroidManifest.xml
INJECTED from src\main\AndroidManifest.xml
	android:targetSdkVersion
		INJECTED from src\main\AndroidManifest.xml
		ADDED from src\main\AndroidManifest.xml
		INJECTED from src\main\AndroidManifest.xml
	android:minSdkVersion
		INJECTED from src\main\AndroidManifest.xml
		ADDED from src\main\AndroidManifest.xml
		INJECTED from src\main\AndroidManifest.xml
uses-permission#android.permission.USE_FINGERPRINT
ADDED from [androidx.biometric:biometric:1.0.0-alpha04] AndroidManifest.xml:23:5-74
	android:name
		ADDED from [androidx.biometric:biometric:1.0.0-alpha04] AndroidManifest.xml:23:22-71